app/build/intermediates/manifest_merge_blame_file/debug/manifest-merger-blame-debug-report.txt
1<?xml version="1.0" encoding="utf-8"?>
2<manifest xmlns:android="http://schemas.android.com/apk/res/android"
3    package="com.htc.ciberrateestimator"
4    android:versionCode="1"
5    android:versionName="1.0" >
6
7    <uses-sdk
8        android:minSdkVersion="21"
8-->src\main\AndroidManifest.xml
9        android:targetSdkVersion="29" />
9-->src\main\AndroidManifest.xml
10
11    <uses-permission android:name="android.permission.ACCESS_NETWORK_STATE" />
11-->src\main\AndroidManifest.xml:5:5-79
11-->src\main\AndroidManifest.xml:5:22-76
12    <uses-permission android:name="android.permission.INTERNET" />
12-->src\main\AndroidManifest.xml:6:5-67
12-->src\main\AndroidManifest.xml:6:22-64
13
14    <application
14-->src\main\AndroidManifest.xml:8:5-47:19
15        android:allowBackup="true"
15-->src\main\AndroidManifest.xml:9:9-35
16        android:appComponentFactory="androidx.core.app.CoreComponentFactory"
16-->[androidx.core:core:1.1.0] AndroidManifest.xml:24:18-86
17        android:debuggable="true"
18        android:icon="@mipmap/ic_launcher"
18-->src\main\AndroidManifest.xml:10:9-43
19        android:label="@string/app_name"
19-->src\main\AndroidManifest.xml:11:9-41
20        android:roundIcon="@mipmap/ic_launcher_round"
20-->src\main\AndroidManifest.xml:12:9-54
21        android:supportsRtl="true"
21-->src\main\AndroidManifest.xml:13:9-35
22        android:testOnly="true"
23        android:theme="@style/AppTheme"
23-->src\main\AndroidManifest.xml:14:9-40
24        android:usesCleartextTraffic="true" >
24-->src\main\AndroidManifest.xml:15:9-44
25        <activity
25-->src\main\AndroidManifest.xml:17:9-19:52
26            android:name="com.htc.ciberrateestimator.LoginActivity"
26-->src\main\AndroidManifest.xml:18:13-42
27            android:screenOrientation="portrait" />
27-->src\main\AndroidManifest.xml:19:13-49
28        <activity android:name="com.htc.ciberrateestimator.BaseActivity" />
28-->src\main\AndroidManifest.xml:20:9-50
28-->src\main\AndroidManifest.xml:20:19-47
29        <activity
29-->src\main\AndroidManifest.xml:21:9-23:51
30            android:name="com.htc.ciberrateestimator.JobTitleActivity"
30-->src\main\AndroidManifest.xml:22:13-45
31            android:screenOrientation="portrait" />
31-->src\main\AndroidManifest.xml:23:13-49
32        <activity
32-->src\main\AndroidManifest.xml:24:9-26:52
33            android:name="com.htc.ciberrateestimator.JobLevelActivity"
33-->src\main\AndroidManifest.xml:25:13-45
34            android:screenOrientation="portrait" />
34-->src\main\AndroidManifest.xml:26:13-49
35        <activity
35-->src\main\AndroidManifest.xml:27:9-29:52
36            android:name="com.htc.ciberrateestimator.SelectAreaActivity"
36-->src\main\AndroidManifest.xml:28:13-47
37            android:screenOrientation="portrait" />
37-->src\main\AndroidManifest.xml:29:13-49
38        <activity
38-->src\main\AndroidManifest.xml:30:9-32:52
39            android:name="com.htc.ciberrateestimator.NumberOfResourcesActivity"
39-->src\main\AndroidManifest.xml:31:13-54
40            android:screenOrientation="portrait" />
40-->src\main\AndroidManifest.xml:32:13-49
41        <activity
41-->src\main\AndroidManifest.xml:33:9-42:20
42            android:name="com.htc.ciberrateestimator.SplashActivity"
42-->src\main\AndroidManifest.xml:34:13-43
43            android:screenOrientation="portrait"
43-->src\main\AndroidManifest.xml:35:13-49
44            android:theme="@style/SplashTheme" >
44-->src\main\AndroidManifest.xml:36:13-47
45            <intent-filter>
45-->src\main\AndroidManifest.xml:37:13-41:29
46                <action android:name="android.intent.action.MAIN" />
46-->src\main\AndroidManifest.xml:38:17-69
46-->src\main\AndroidManifest.xml:38:25-66
47
48                <category android:name="android.intent.category.LAUNCHER" />
48-->src\main\AndroidManifest.xml:40:17-77
48-->src\main\AndroidManifest.xml:40:27-74
49            </intent-filter>
50        </activity>
51        <activity
51-->src\main\AndroidManifest.xml:44:9-46:61
52            android:name="com.htc.ciberrateestimator.MainActivity"
52-->src\main\AndroidManifest.xml:45:13-41
53            android:screenOrientation="portrait" />
53-->src\main\AndroidManifest.xml:46:13-49
54
55        <service
55-->[androidx.room:room-runtime:2.2.1] AndroidManifest.xml:25:9-27:40
56            android:name="androidx.room.MultiInstanceInvalidationService"
56-->[androidx.room:room-runtime:2.2.1] AndroidManifest.xml:26:13-74
57            android:exported="false" />
57-->[androidx.room:room-runtime:2.2.1] AndroidManifest.xml:27:13-37
58
59        <provider
59-->[androidx.lifecycle:lifecycle-process:2.1.0] AndroidManifest.xml:23:9-27:43
60            android:name="androidx.lifecycle.ProcessLifecycleOwnerInitializer"
60-->[androidx.lifecycle:lifecycle-process:2.1.0] AndroidManifest.xml:24:13-79
61            android:authorities="com.htc.ciberrateestimator.lifecycle-process"
61-->[androidx.lifecycle:lifecycle-process:2.1.0] AndroidManifest.xml:25:13-69
62            android:exported="false"
62-->[androidx.lifecycle:lifecycle-process:2.1.0] AndroidManifest.xml:26:13-37
63            android:multiprocess="true" />
63-->[androidx.lifecycle:lifecycle-process:2.1.0] AndroidManifest.xml:27:13-40
64    </application>
65
66</manifest>